<?xml version="1.0" encoding="UTF-8"?>
<testng-results skipped="0" failed="1" ignored="0" total="1" passed="0">
  <reporter-output>
  </reporter-output>
  <suite name="Default suite" duration-ms="17395" started-at="2022-02-23T14:56:49 IST" finished-at="2022-02-23T14:57:06 IST">
    <groups>
      <group name="cucumber">
        <method signature="AbstractTestNGCucumberTests.runScenario(io.cucumber.testng.PickleWrapper,io.cucumber.testng.FeatureWrapper)[pri:0, instance:StepDefinations.basicgooglesearchsteps@2b4c3c29]" name="runScenario" class="io.cucumber.testng.AbstractTestNGCucumberTests"/>
      </group> <!-- cucumber -->
    </groups>
    <test name="Default test" duration-ms="17395" started-at="2022-02-23T14:56:49 IST" finished-at="2022-02-23T14:57:06 IST">
      <class name="StepDefinations.basicgooglesearchsteps">
        <test-method status="PASS" signature="setUpClass(org.testng.ITestContext)[pri:0, instance:StepDefinations.basicgooglesearchsteps@2b4c3c29]" name="setUpClass" is-config="true" duration-ms="677" started-at="2022-02-23T14:56:49 IST" finished-at="2022-02-23T14:56:50 IST">
          <params>
            <param index="0">
              <value>
                <![CDATA[org.testng.TestRunner@71b7e9c8]]>
              </value>
            </param>
          </params>
          <reporter-output>
          </reporter-output>
        </test-method> <!-- setUpClass -->
        <test-method status="PASS" signature="setUpClass()[pri:0, instance:StepDefinations.basicgooglesearchsteps@2b4c3c29]" name="setUpClass" is-config="true" duration-ms="3659" started-at="2022-02-23T14:56:50 IST" finished-at="2022-02-23T14:56:53 IST">
          <reporter-output>
          </reporter-output>
        </test-method> <!-- setUpClass -->
        <test-method status="FAIL" signature="runScenario(io.cucumber.testng.PickleWrapper,io.cucumber.testng.FeatureWrapper)[pri:0, instance:StepDefinations.basicgooglesearchsteps@2b4c3c29]" name="runScenario" duration-ms="8238" started-at="2022-02-23T14:56:53 IST" description="Runs Cucumber Scenarios" data-provider="scenarios" finished-at="2022-02-23T14:57:02 IST">
          <params>
            <param index="0">
              <value>
                <![CDATA["Want to search a company"]]>
              </value>
            </param>
            <param index="1">
              <value>
                <![CDATA["Optional[Basic serach on Google]"]]>
              </value>
            </param>
          </params>
          <exception class="java.lang.AssertionError">
            <message>
              <![CDATA[expected [Datagardener LTD - Google Search] but found [Datagardener]]]>
            </message>
            <full-stacktrace>
              <![CDATA[java.lang.AssertionError: expected [Datagardener LTD - Google Search] but found [Datagardener]
at org.testng.Assert.fail(Assert.java:99)
at org.testng.Assert.failNotEquals(Assert.java:1037)
at org.testng.Assert.assertEqualsImpl(Assert.java:140)
at org.testng.Assert.assertEquals(Assert.java:122)
at org.testng.Assert.assertEquals(Assert.java:629)
at org.testng.Assert.assertEquals(Assert.java:639)
at StepDefinations.basicgooglesearchsteps.get_the_title_of_website(basicgooglesearchsteps.java:64)
at âœ½.Get the title of website(file:///D:/java_auto/java_cucumber_testNG/src/test/java/Features/google.feature:7)
]]>
            </full-stacktrace>
          </exception> <!-- java.lang.AssertionError -->
          <reporter-output>
          </reporter-output>
        </test-method> <!-- runScenario -->
        <test-method status="PASS" signature="tearDownClass()[pri:0, instance:StepDefinations.basicgooglesearchsteps@2b4c3c29]" name="tearDownClass" is-config="true" duration-ms="4711" started-at="2022-02-23T14:57:02 IST" finished-at="2022-02-23T14:57:06 IST">
          <reporter-output>
          </reporter-output>
        </test-method> <!-- tearDownClass -->
      </class> <!-- StepDefinations.basicgooglesearchsteps -->
    </test> <!-- Default test -->
  </suite> <!-- Default suite -->
</testng-results>
